<?xml version="1.0" encoding="UTF-8"?>
<testng-results ignored="0" total="1" passed="1" failed="0" skipped="0">
  <reporter-output>
  </reporter-output>
  <suite started-at="2021-11-16T18:32:43 IST" name="Suite" finished-at="2021-11-16T18:33:09 IST" duration-ms="26174">
    <groups>
    </groups>
    <test started-at="2021-11-16T18:32:43 IST" name="Test" finished-at="2021-11-16T18:33:09 IST" duration-ms="26174">
      <class name="testscripts.T001_Google">
        <test-method is-config="true" signature="beforeSuite()[pri:0, instance:testscripts.T001_Google@4e517165]" started-at="2021-11-16T18:32:43 IST" name="beforeSuite" finished-at="2021-11-16T18:32:43 IST" duration-ms="152" status="PASS">
          <reporter-output>
          </reporter-output>
        </test-method> <!-- beforeSuite -->
        <test-method is-config="true" signature="beforeTest()[pri:0, instance:testscripts.T001_Google@4e517165]" started-at="2021-11-16T18:32:43 IST" name="beforeTest" finished-at="2021-11-16T18:32:43 IST" duration-ms="0" status="PASS">
          <reporter-output>
          </reporter-output>
        </test-method> <!-- beforeTest -->
        <test-method is-config="true" signature="beforeClass()[pri:0, instance:testscripts.T001_Google@4e517165]" started-at="2021-11-16T18:32:43 IST" name="beforeClass" finished-at="2021-11-16T18:32:43 IST" duration-ms="0" status="PASS">
          <reporter-output>
          </reporter-output>
        </test-method> <!-- beforeClass -->
        <test-method is-config="true" signature="setValues()[pri:0, instance:testscripts.T001_Google@4e517165]" started-at="2021-11-16T18:32:43 IST" name="setValues" finished-at="2021-11-16T18:32:43 IST" duration-ms="0" status="PASS">
          <reporter-output>
          </reporter-output>
        </test-method> <!-- setValues -->
        <test-method is-config="true" signature="beforeMethod()[pri:0, instance:testscripts.T001_Google@4e517165]" started-at="2021-11-16T18:32:43 IST" name="beforeMethod" finished-at="2021-11-16T18:32:43 IST" duration-ms="9" status="PASS">
          <reporter-output>
          </reporter-output>
        </test-method> <!-- beforeMethod -->
        <test-method signature="openGoogle()[pri:0, instance:testscripts.T001_Google@4e517165]" started-at="2021-11-16T18:32:43 IST" name="openGoogle" finished-at="2021-11-16T18:33:09 IST" duration-ms="26131" status="PASS">
          <reporter-output>
          </reporter-output>
        </test-method> <!-- openGoogle -->
        <test-method is-config="true" signature="afterMethod()[pri:0, instance:testscripts.T001_Google@4e517165]" started-at="2021-11-16T18:33:09 IST" name="afterMethod" finished-at="2021-11-16T18:33:09 IST" duration-ms="0" status="PASS">
          <reporter-output>
          </reporter-output>
        </test-method> <!-- afterMethod -->
        <test-method is-config="true" signature="afterClass()[pri:0, instance:testscripts.T001_Google@4e517165]" started-at="2021-11-16T18:33:09 IST" name="afterClass" finished-at="2021-11-16T18:33:09 IST" duration-ms="2" status="PASS">
          <reporter-output>
          </reporter-output>
        </test-method> <!-- afterClass -->
        <test-method is-config="true" signature="afterTest()[pri:0, instance:testscripts.T001_Google@4e517165]" started-at="2021-11-16T18:33:09 IST" name="afterTest" finished-at="2021-11-16T18:33:09 IST" duration-ms="0" status="PASS">
          <reporter-output>
          </reporter-output>
        </test-method> <!-- afterTest -->
        <test-method is-config="true" signature="afterSuite()[pri:0, instance:testscripts.T001_Google@4e517165]" started-at="2021-11-16T18:33:09 IST" name="afterSuite" finished-at="2021-11-16T18:33:10 IST" duration-ms="794" status="PASS">
          <reporter-output>
          </reporter-output>
        </test-method> <!-- afterSuite -->
      </class> <!-- testscripts.T001_Google -->
    </test> <!-- Test -->
  </suite> <!-- Suite -->
</testng-results>
